# JRE version: Java(TM) SE Runtime Environment (8.0_77-b03) (build 1.8.0_77-b03)
# Java VM: Java HotSpot(TM) 64-Bit Server VM (25.77-b03 mixed mode windows-amd64 compressed oops)
Heap:
 PSYoungGen      total 70656K, used 17901K [0x00000000d6300000, 0x00000000e3300000, 0x0000000100000000)
  eden space 65536K, 27% used [0x00000000d6300000,0x00000000d747b780,0x00000000da300000)
  from space 5120K, 0% used [0x00000000da300000,0x00000000da300000,0x00000000da800000)
  to   space 40960K, 0% used [0x00000000e0b00000,0x00000000e0b00000,0x00000000e3300000)
 ParOldGen       total 191488K, used 96125K [0x0000000082800000, 0x000000008e300000, 0x00000000d6300000)
  object space 191488K, 50% used [0x0000000082800000,0x00000000885df618,0x000000008e300000)
 Metaspace       used 28068K, capacity 28776K, committed 28928K, reserved 1075200K
  class space    used 3295K, capacity 3466K, committed 3584K, reserved 1048576K
GC Heap History (10 events):
Event: 1.998 GC heap before
{Heap before GC invocations=3 (full 0):
 PSYoungGen      total 37888K, used 32647K [0x00000000d6300000, 0x00000000dad00000, 0x0000000100000000)
  eden space 32768K, 88% used [0x00000000d6300000,0x00000000d7f5f120,0x00000000d8300000)
  from space 5120K, 70% used [0x00000000d8800000,0x00000000d8b82b90,0x00000000d8d00000)
  to   space 5120K, 0% used [0x00000000d8300000,0x00000000d8300000,0x00000000d8800000)
 ParOldGen       total 86016K, used 54K [0x0000000082800000, 0x0000000087c00000, 0x00000000d6300000)
  object space 86016K, 0% used [0x0000000082800000,0x000000008280d8b0,0x0000000087c00000)
 Metaspace       used 16937K, capacity 17174K, committed 17408K, reserved 1064960K
  class space    used 1651K, capacity 1731K, committed 1792K, reserved 1048576K
Event: 2.002 GC heap after
Heap after GC invocations=3 (full 0):
 PSYoungGen      total 37888K, used 5088K [0x00000000d6300000, 0x00000000dad00000, 0x0000000100000000)
  eden space 32768K, 0% used [0x00000000d6300000,0x00000000d6300000,0x00000000d8300000)
  from space 5120K, 99% used [0x00000000d8300000,0x00000000d87f8050,0x00000000d8800000)
  to   space 5120K, 0% used [0x00000000da800000,0x00000000da800000,0x00000000dad00000)
 ParOldGen       total 86016K, used 1142K [0x0000000082800000, 0x0000000087c00000, 0x00000000d6300000)
  object space 86016K, 1% used [0x0000000082800000,0x000000008291d840,0x0000000087c00000)
 Metaspace       used 16937K, capacity 17174K, committed 17408K, reserved 1064960K
  class space    used 1651K, capacity 1731K, committed 1792K, reserved 1048576K
}
Event: 2.175 GC heap before
{Heap before GC invocations=4 (full 0):
 PSYoungGen      total 37888K, used 37850K [0x00000000d6300000, 0x00000000dad00000, 0x0000000100000000)
  eden space 32768K, 99% used [0x00000000d6300000,0x00000000d82fe7d8,0x00000000d8300000)
  from space 5120K, 99% used [0x00000000d8300000,0x00000000d87f8050,0x00000000d8800000)
  to   space 5120K, 0% used [0x00000000da800000,0x00000000da800000,0x00000000dad00000)
 ParOldGen       total 86016K, used 34892K [0x0000000082800000, 0x0000000087c00000, 0x00000000d6300000)
  object space 86016K, 40% used [0x0000000082800000,0x0000000084a13050,0x0000000087c00000)
 Metaspace       used 17189K, capacity 17398K, committed 17664K, reserved 1064960K
  class space    used 1687K, capacity 1763K, committed 1792K, reserved 1048576K
Event: 2.179 GC heap after
Heap after GC invocations=4 (full 0):
 PSYoungGen      total 70656K, used 5105K [0x00000000d6300000, 0x00000000dad00000, 0x0000000100000000)
  eden space 65536K, 0% used [0x00000000d6300000,0x00000000d6300000,0x00000000da300000)
  from space 5120K, 99% used [0x00000000da800000,0x00000000dacfc450,0x00000000dad00000)
  to   space 5120K, 0% used [0x00000000da300000,0x00000000da300000,0x00000000da800000)
 ParOldGen       total 86016K, used 36088K [0x0000000082800000, 0x0000000087c00000, 0x00000000d6300000)
  object space 86016K, 41% used [0x0000000082800000,0x0000000084b3e0f0,0x0000000087c00000)
 Metaspace       used 17189K, capacity 17398K, committed 17664K, reserved 1064960K
  class space    used 1687K, capacity 1763K, committed 1792K, reserved 1048576K
}
Event: 2.512 GC heap before
{Heap before GC invocations=5 (full 0):
 PSYoungGen      total 70656K, used 66883K [0x00000000d6300000, 0x00000000dad00000, 0x0000000100000000)
  eden space 65536K, 94% used [0x00000000d6300000,0x00000000d9f54970,0x00000000da300000)
  from space 5120K, 99% used [0x00000000da800000,0x00000000dacfc450,0x00000000dad00000)
  to   space 5120K, 0% used [0x00000000da300000,0x00000000da300000,0x00000000da800000)
 ParOldGen       total 86016K, used 36088K [0x0000000082800000, 0x0000000087c00000, 0x00000000d6300000)
  object space 86016K, 41% used [0x0000000082800000,0x0000000084b3e0f0,0x0000000087c00000)
 Metaspace       used 17565K, capacity 17784K, committed 17920K, reserved 1064960K
  class space    used 1711K, capacity 1764K, committed 1792K, reserved 1048576K
Event: 2.532 GC heap after
Heap after GC invocations=5 (full 0):
 PSYoungGen      total 70656K, used 5105K [0x00000000d6300000, 0x00000000e3300000, 0x0000000100000000)
  eden space 65536K, 0% used [0x00000000d6300000,0x00000000d6300000,0x00000000da300000)
  from space 5120K, 99% used [0x00000000da300000,0x00000000da7fc418,0x00000000da800000)
  to   space 40960K, 0% used [0x00000000e0b00000,0x00000000e0b00000,0x00000000e3300000)
 ParOldGen       total 86016K, used 85534K [0x0000000082800000, 0x0000000087c00000, 0x00000000d6300000)
  object space 86016K, 99% used [0x0000000082800000,0x0000000087b87878,0x0000000087c00000)
 Metaspace       used 17565K, capacity 17784K, committed 17920K, reserved 1064960K
  class space    used 1711K, capacity 1764K, committed 1792K, reserved 1048576K
}
Event: 2.532 GC heap before
{Heap before GC invocations=6 (full 1):
 PSYoungGen      total 70656K, used 5105K [0x00000000d6300000, 0x00000000e3300000, 0x0000000100000000)
  eden space 65536K, 0% used [0x00000000d6300000,0x00000000d6300000,0x00000000da300000)
  from space 5120K, 99% used [0x00000000da300000,0x00000000da7fc418,0x00000000da800000)
  to   space 40960K, 0% used [0x00000000e0b00000,0x00000000e0b00000,0x00000000e3300000)
 ParOldGen       total 86016K, used 85534K [0x0000000082800000, 0x0000000087c00000, 0x00000000d6300000)
  object space 86016K, 99% used [0x0000000082800000,0x0000000087b87878,0x0000000087c00000)
 Metaspace       used 17565K, capacity 17784K, committed 17920K, reserved 1064960K
  class space    used 1711K, capacity 1764K, committed 1792K, reserved 1048576K
Event: 2.552 GC heap after
Heap after GC invocations=6 (full 1):
 PSYoungGen      total 70656K, used 0K [0x00000000d6300000, 0x00000000e3300000, 0x0000000100000000)
  eden space 65536K, 0% used [0x00000000d6300000,0x00000000d6300000,0x00000000da300000)
  from space 5120K, 0% used [0x00000000da300000,0x00000000da300000,0x00000000da800000)
  to   space 40960K, 0% used [0x00000000e0b00000,0x00000000e0b00000,0x00000000e3300000)
 ParOldGen       total 163328K, used 82277K [0x0000000082800000, 0x000000008c780000, 0x00000000d6300000)
  object space 163328K, 50% used [0x0000000082800000,0x00000000878597b0,0x000000008c780000)
 Metaspace       used 17565K, capacity 17784K, committed 17920K, reserved 1064960K
  class space    used 1711K, capacity 1764K, committed 1792K, reserved 1048576K
}
Event: 5.011 GC heap before
{Heap before GC invocations=7 (full 2):
 PSYoungGen      total 70656K, used 62572K [0x00000000d6300000, 0x00000000e3300000, 0x0000000100000000)
  eden space 65536K, 95% used [0x00000000d6300000,0x00000000da01b038,0x00000000da300000)
  from space 5120K, 0% used [0x00000000da300000,0x00000000da300000,0x00000000da800000)
  to   space 40960K, 0% used [0x00000000e0b00000,0x00000000e0b00000,0x00000000e3300000)
 ParOldGen       total 163328K, used 149777K [0x0000000082800000, 0x000000008c780000, 0x00000000d6300000)
  object space 163328K, 91% used [0x0000000082800000,0x000000008ba447d0,0x000000008c780000)
 Metaspace       used 27290K, capacity 27966K, committed 28032K, reserved 1073152K
  class space    used 3246K, capacity 3413K, committed 3456K, reserved 1048576K
Event: 5.054 GC heap after
Heap after GC invocations=7 (full 2):
 PSYoungGen      total 70656K, used 0K [0x00000000d6300000, 0x00000000e3300000, 0x0000000100000000)
  eden space 65536K, 0% used [0x00000000d6300000,0x00000000d6300000,0x00000000da300000)
  from space 5120K, 0% used [0x00000000da300000,0x00000000da300000,0x00000000da800000)
  to   space 40960K, 0% used [0x00000000e0b00000,0x00000000e0b00000,0x00000000e3300000)
 ParOldGen       total 191488K, used 96125K [0x0000000082800000, 0x000000008e300000, 0x00000000d6300000)
  object space 191488K, 50% used [0x0000000082800000,0x00000000885df618,0x000000008e300000)
 Metaspace       used 27290K, capacity 27966K, committed 28032K, reserved 1073152K
  class space    used 3246K, capacity 3413K, committed 3456K, reserved 1048576K
}

