# JRE version: Java(TM) SE Runtime Environment (8.0_77-b03) (build 1.8.0_77-b03)
# Java VM: Java HotSpot(TM) 64-Bit Server VM (25.77-b03 mixed mode windows-amd64 compressed oops)
Heap:
 PSYoungGen      total 70656K, used 52311K [0x00000000d6300000, 0x00000000e3600000, 0x0000000100000000)
  eden space 65536K, 79% used [0x00000000d6300000,0x00000000d9615f98,0x00000000da300000)
  from space 5120K, 0% used [0x00000000da300000,0x00000000da300000,0x00000000da800000)
  to   space 42496K, 0% used [0x00000000e0c80000,0x00000000e0c80000,0x00000000e3600000)
 ParOldGen       total 196608K, used 96008K [0x0000000082800000, 0x000000008e800000, 0x00000000d6300000)
  object space 196608K, 48% used [0x0000000082800000,0x00000000885c22e0,0x000000008e800000)
 Metaspace       used 28579K, capacity 29334K, committed 29696K, reserved 1075200K
  class space    used 3283K, capacity 3463K, committed 3584K, reserved 1048576K
GC Heap History (10 events):
Event: 1.988 GC heap before
{Heap before GC invocations=3 (full 0):
 PSYoungGen      total 37888K, used 32647K [0x00000000d6300000, 0x00000000dad00000, 0x0000000100000000)
  eden space 32768K, 88% used [0x00000000d6300000,0x00000000d7f5f320,0x00000000d8300000)
  from space 5120K, 70% used [0x00000000d8800000,0x00000000d8b82b90,0x00000000d8d00000)
  to   space 5120K, 0% used [0x00000000d8300000,0x00000000d8300000,0x00000000d8800000)
 ParOldGen       total 86016K, used 32K [0x0000000082800000, 0x0000000087c00000, 0x00000000d6300000)
  object space 86016K, 0% used [0x0000000082800000,0x0000000082808268,0x0000000087c00000)
 Metaspace       used 16926K, capacity 17170K, committed 17408K, reserved 1064960K
  class space    used 1651K, capacity 1731K, committed 1792K, reserved 1048576K
Event: 1.992 GC heap after
Heap after GC invocations=3 (full 0):
 PSYoungGen      total 37888K, used 5107K [0x00000000d6300000, 0x00000000dad00000, 0x0000000100000000)
  eden space 32768K, 0% used [0x00000000d6300000,0x00000000d6300000,0x00000000d8300000)
  from space 5120K, 99% used [0x00000000d8300000,0x00000000d87fcd78,0x00000000d8800000)
  to   space 5120K, 0% used [0x00000000da800000,0x00000000da800000,0x00000000dad00000)
 ParOldGen       total 86016K, used 1121K [0x0000000082800000, 0x0000000087c00000, 0x00000000d6300000)
  object space 86016K, 1% used [0x0000000082800000,0x00000000829185f0,0x0000000087c00000)
 Metaspace       used 16926K, capacity 17170K, committed 17408K, reserved 1064960K
  class space    used 1651K, capacity 1731K, committed 1792K, reserved 1048576K
}
Event: 2.173 GC heap before
{Heap before GC invocations=4 (full 0):
 PSYoungGen      total 37888K, used 37869K [0x00000000d6300000, 0x00000000dad00000, 0x0000000100000000)
  eden space 32768K, 99% used [0x00000000d6300000,0x00000000d82fe7d0,0x00000000d8300000)
  from space 5120K, 99% used [0x00000000d8300000,0x00000000d87fcd78,0x00000000d8800000)
  to   space 5120K, 0% used [0x00000000da800000,0x00000000da800000,0x00000000dad00000)
 ParOldGen       total 86016K, used 34871K [0x0000000082800000, 0x0000000087c00000, 0x00000000d6300000)
  object space 86016K, 40% used [0x0000000082800000,0x0000000084a0de00,0x0000000087c00000)
 Metaspace       used 17179K, capacity 17394K, committed 17664K, reserved 1064960K
  class space    used 1687K, capacity 1763K, committed 1792K, reserved 1048576K
Event: 2.178 GC heap after
Heap after GC invocations=4 (full 0):
 PSYoungGen      total 70656K, used 5117K [0x00000000d6300000, 0x00000000dad00000, 0x0000000100000000)
  eden space 65536K, 0% used [0x00000000d6300000,0x00000000d6300000,0x00000000da300000)
  from space 5120K, 99% used [0x00000000da800000,0x00000000dacff6e8,0x00000000dad00000)
  to   space 5120K, 0% used [0x00000000da300000,0x00000000da300000,0x00000000da800000)
 ParOldGen       total 86016K, used 39256K [0x0000000082800000, 0x0000000087c00000, 0x00000000d6300000)
  object space 86016K, 45% used [0x0000000082800000,0x0000000084e56280,0x0000000087c00000)
 Metaspace       used 17179K, capacity 17394K, committed 17664K, reserved 1064960K
  class space    used 1687K, capacity 1763K, committed 1792K, reserved 1048576K
}
Event: 2.515 GC heap before
{Heap before GC invocations=5 (full 0):
 PSYoungGen      total 70656K, used 66922K [0x00000000d6300000, 0x00000000dad00000, 0x0000000100000000)
  eden space 65536K, 94% used [0x00000000d6300000,0x00000000d9f5b488,0x00000000da300000)
  from space 5120K, 99% used [0x00000000da800000,0x00000000dacff6e8,0x00000000dad00000)
  to   space 5120K, 0% used [0x00000000da300000,0x00000000da300000,0x00000000da800000)
 ParOldGen       total 86016K, used 39256K [0x0000000082800000, 0x0000000087c00000, 0x00000000d6300000)
  object space 86016K, 45% used [0x0000000082800000,0x0000000084e56280,0x0000000087c00000)
 Metaspace       used 17550K, capacity 17780K, committed 17920K, reserved 1064960K
  class space    used 1711K, capacity 1764K, committed 1792K, reserved 1048576K
Event: 2.534 GC heap after
Heap after GC invocations=5 (full 0):
 PSYoungGen      total 70656K, used 5117K [0x00000000d6300000, 0x00000000e3600000, 0x0000000100000000)
  eden space 65536K, 0% used [0x00000000d6300000,0x00000000d6300000,0x00000000da300000)
  from space 5120K, 99% used [0x00000000da300000,0x00000000da7ff6e8,0x00000000da800000)
  to   space 42496K, 0% used [0x00000000e0c80000,0x00000000e0c80000,0x00000000e3600000)
 ParOldGen       total 89088K, used 88667K [0x0000000082800000, 0x0000000087f00000, 0x00000000d6300000)
  object space 89088K, 99% used [0x0000000082800000,0x0000000087e96cb0,0x0000000087f00000)
 Metaspace       used 17550K, capacity 17780K, committed 17920K, reserved 1064960K
  class space    used 1711K, capacity 1764K, committed 1792K, reserved 1048576K
}
Event: 2.534 GC heap before
{Heap before GC invocations=6 (full 1):
 PSYoungGen      total 70656K, used 5117K [0x00000000d6300000, 0x00000000e3600000, 0x0000000100000000)
  eden space 65536K, 0% used [0x00000000d6300000,0x00000000d6300000,0x00000000da300000)
  from space 5120K, 99% used [0x00000000da300000,0x00000000da7ff6e8,0x00000000da800000)
  to   space 42496K, 0% used [0x00000000e0c80000,0x00000000e0c80000,0x00000000e3600000)
 ParOldGen       total 89088K, used 88667K [0x0000000082800000, 0x0000000087f00000, 0x00000000d6300000)
  object space 89088K, 99% used [0x0000000082800000,0x0000000087e96cb0,0x0000000087f00000)
 Metaspace       used 17550K, capacity 17780K, committed 17920K, reserved 1064960K
  class space    used 1711K, capacity 1764K, committed 1792K, reserved 1048576K
Event: 2.562 GC heap after
Heap after GC invocations=6 (full 1):
 PSYoungGen      total 70656K, used 0K [0x00000000d6300000, 0x00000000e3600000, 0x0000000100000000)
  eden space 65536K, 0% used [0x00000000d6300000,0x00000000d6300000,0x00000000da300000)
  from space 5120K, 0% used [0x00000000da300000,0x00000000da300000,0x00000000da800000)
  to   space 42496K, 0% used [0x00000000e0c80000,0x00000000e0c80000,0x00000000e3600000)
 ParOldGen       total 166912K, used 82196K [0x0000000082800000, 0x000000008cb00000, 0x00000000d6300000)
  object space 166912K, 49% used [0x0000000082800000,0x0000000087845200,0x000000008cb00000)
 Metaspace       used 17550K, capacity 17780K, committed 17920K, reserved 1064960K
  class space    used 1711K, capacity 1764K, committed 1792K, reserved 1048576K
}
Event: 4.999 GC heap before
{Heap before GC invocations=7 (full 2):
 PSYoungGen      total 70656K, used 61467K [0x00000000d6300000, 0x00000000e3600000, 0x0000000100000000)
  eden space 65536K, 93% used [0x00000000d6300000,0x00000000d9f06da8,0x00000000da300000)
  from space 5120K, 0% used [0x00000000da300000,0x00000000da300000,0x00000000da800000)
  to   space 42496K, 0% used [0x00000000e0c80000,0x00000000e0c80000,0x00000000e3600000)
 ParOldGen       total 166912K, used 149696K [0x0000000082800000, 0x000000008cb00000, 0x00000000d6300000)
  object space 166912K, 89% used [0x0000000082800000,0x000000008ba30220,0x000000008cb00000)
 Metaspace       used 27185K, capacity 27806K, committed 28032K, reserved 1073152K
  class space    used 3231K, capacity 3411K, committed 3456K, reserved 1048576K
Event: 5.043 GC heap after
Heap after GC invocations=7 (full 2):
 PSYoungGen      total 70656K, used 0K [0x00000000d6300000, 0x00000000e3600000, 0x0000000100000000)
  eden space 65536K, 0% used [0x00000000d6300000,0x00000000d6300000,0x00000000da300000)
  from space 5120K, 0% used [0x00000000da300000,0x00000000da300000,0x00000000da800000)
  to   space 42496K, 0% used [0x00000000e0c80000,0x00000000e0c80000,0x00000000e3600000)
 ParOldGen       total 196608K, used 96008K [0x0000000082800000, 0x000000008e800000, 0x00000000d6300000)
  object space 196608K, 48% used [0x0000000082800000,0x00000000885c22e0,0x000000008e800000)
 Metaspace       used 27185K, capacity 27806K, committed 28032K, reserved 1073152K
  class space    used 3231K, capacity 3411K, committed 3456K, reserved 1048576K
}

