# JRE version: Java(TM) SE Runtime Environment (8.0_77-b03) (build 1.8.0_77-b03)
# Java VM: Java HotSpot(TM) 64-Bit Server VM (25.77-b03 mixed mode windows-amd64 compressed oops)
Heap:
 PSYoungGen      total 75776K, used 20870K [0x00000000d6300000, 0x00000000df400000, 0x0000000100000000)
  eden space 45568K, 45% used [0x00000000d6300000,0x00000000d7761a50,0x00000000d8f80000)
  from space 30208K, 0% used [0x00000000d8f80000,0x00000000d8f80000,0x00000000dad00000)
  to   space 32768K, 0% used [0x00000000dd400000,0x00000000dd400000,0x00000000df400000)
 ParOldGen       total 218112K, used 78998K [0x0000000082800000, 0x000000008fd00000, 0x00000000d6300000)
  object space 218112K, 36% used [0x0000000082800000,0x0000000087525990,0x000000008fd00000)
 Metaspace       used 30473K, capacity 31556K, committed 31744K, reserved 1077248K
  class space    used 3760K, capacity 3974K, committed 4096K, reserved 1048576K
GC Heap History (10 events):
Event: 3.296 GC heap before
{Heap before GC invocations=6 (full 1):
 PSYoungGen      total 44544K, used 41786K [0x00000000d6300000, 0x00000000d9500000, 0x0000000100000000)
  eden space 39424K, 100% used [0x00000000d6300000,0x00000000d8980000,0x00000000d8980000)
  from space 5120K, 46% used [0x00000000d8e80000,0x00000000d90ceb60,0x00000000d9380000)
  to   space 5120K, 0% used [0x00000000d8980000,0x00000000d8980000,0x00000000d8e80000)
 ParOldGen       total 83456K, used 15815K [0x0000000082800000, 0x0000000087980000, 0x00000000d6300000)
  object space 83456K, 18% used [0x0000000082800000,0x0000000083771ff0,0x0000000087980000)
 Metaspace       used 28772K, capacity 29746K, committed 30080K, reserved 1075200K
  class space    used 3680K, capacity 3889K, committed 3968K, reserved 1048576K
Event: 3.304 GC heap after
Heap after GC invocations=6 (full 1):
 PSYoungGen      total 44544K, used 5114K [0x00000000d6300000, 0x00000000dc600000, 0x0000000100000000)
  eden space 39424K, 0% used [0x00000000d6300000,0x00000000d6300000,0x00000000d8980000)
  from space 5120K, 99% used [0x00000000d8980000,0x00000000d8e7ea98,0x00000000d8e80000)
  to   space 25600K, 0% used [0x00000000dad00000,0x00000000dad00000,0x00000000dc600000)
 ParOldGen       total 83456K, used 33648K [0x0000000082800000, 0x0000000087980000, 0x00000000d6300000)
  object space 83456K, 40% used [0x0000000082800000,0x00000000848dc348,0x0000000087980000)
 Metaspace       used 28772K, capacity 29746K, committed 30080K, reserved 1075200K
  class space    used 3680K, capacity 3889K, committed 3968K, reserved 1048576K
}
Event: 3.585 GC heap before
{Heap before GC invocations=7 (full 1):
 PSYoungGen      total 44544K, used 44538K [0x00000000d6300000, 0x00000000dc600000, 0x0000000100000000)
  eden space 39424K, 100% used [0x00000000d6300000,0x00000000d8980000,0x00000000d8980000)
  from space 5120K, 99% used [0x00000000d8980000,0x00000000d8e7ea98,0x00000000d8e80000)
  to   space 25600K, 0% used [0x00000000dad00000,0x00000000dad00000,0x00000000dc600000)
 ParOldGen       total 83456K, used 33648K [0x0000000082800000, 0x0000000087980000, 0x00000000d6300000)
  object space 83456K, 40% used [0x0000000082800000,0x00000000848dc348,0x0000000087980000)
 Metaspace       used 29139K, capacity 30204K, committed 30336K, reserved 1075200K
  class space    used 3682K, capacity 3892K, committed 3968K, reserved 1048576K
Event: 3.609 GC heap after
Heap after GC invocations=7 (full 1):
 PSYoungGen      total 71168K, used 23240K [0x00000000d6300000, 0x00000000dd680000, 0x0000000100000000)
  eden space 45568K, 0% used [0x00000000d6300000,0x00000000d6300000,0x00000000d8f80000)
  from space 25600K, 90% used [0x00000000dad00000,0x00000000dc3b2058,0x00000000dc600000)
  to   space 30208K, 0% used [0x00000000d8f80000,0x00000000d8f80000,0x00000000dad00000)
 ParOldGen       total 83456K, used 41848K [0x0000000082800000, 0x0000000087980000, 0x00000000d6300000)
  object space 83456K, 50% used [0x0000000082800000,0x00000000850de368,0x0000000087980000)
 Metaspace       used 29139K, capacity 30204K, committed 30336K, reserved 1075200K
  class space    used 3682K, capacity 3892K, committed 3968K, reserved 1048576K
}
Event: 3.646 GC heap before
{Heap before GC invocations=8 (full 1):
 PSYoungGen      total 71168K, used 68808K [0x00000000d6300000, 0x00000000dd680000, 0x0000000100000000)
  eden space 45568K, 100% used [0x00000000d6300000,0x00000000d8f80000,0x00000000d8f80000)
  from space 25600K, 90% used [0x00000000dad00000,0x00000000dc3b2058,0x00000000dc600000)
  to   space 30208K, 0% used [0x00000000d8f80000,0x00000000d8f80000,0x00000000dad00000)
 ParOldGen       total 83456K, used 41848K [0x0000000082800000, 0x0000000087980000, 0x00000000d6300000)
  object space 83456K, 50% used [0x0000000082800000,0x00000000850de380,0x0000000087980000)
 Metaspace       used 29163K, capacity 30204K, committed 30336K, reserved 1075200K
  class space    used 3682K, capacity 3892K, committed 3968K, reserved 1048576K
Event: 3.683 GC heap after
Heap after GC invocations=8 (full 1):
 PSYoungGen      total 75776K, used 22046K [0x00000000d6300000, 0x00000000df400000, 0x0000000100000000)
  eden space 45568K, 0% used [0x00000000d6300000,0x00000000d6300000,0x00000000d8f80000)
  from space 30208K, 72% used [0x00000000d8f80000,0x00000000da507850,0x00000000dad00000)
  to   space 32768K, 0% used [0x00000000dd400000,0x00000000dd400000,0x00000000df400000)
 ParOldGen       total 151040K, used 143106K [0x0000000082800000, 0x000000008bb80000, 0x00000000d6300000)
  object space 151040K, 94% used [0x0000000082800000,0x000000008b3c0bb0,0x000000008bb80000)
 Metaspace       used 29163K, capacity 30204K, committed 30336K, reserved 1075200K
  class space    used 3682K, capacity 3892K, committed 3968K, reserved 1048576K
}
Event: 3.683 GC heap before
{Heap before GC invocations=9 (full 2):
 PSYoungGen      total 75776K, used 22046K [0x00000000d6300000, 0x00000000df400000, 0x0000000100000000)
  eden space 45568K, 0% used [0x00000000d6300000,0x00000000d6300000,0x00000000d8f80000)
  from space 30208K, 72% used [0x00000000d8f80000,0x00000000da507850,0x00000000dad00000)
  to   space 32768K, 0% used [0x00000000dd400000,0x00000000dd400000,0x00000000df400000)
 ParOldGen       total 151040K, used 143106K [0x0000000082800000, 0x000000008bb80000, 0x00000000d6300000)
  object space 151040K, 94% used [0x0000000082800000,0x000000008b3c0bb0,0x000000008bb80000)
 Metaspace       used 29163K, capacity 30204K, committed 30336K, reserved 1075200K
  class space    used 3682K, capacity 3892K, committed 3968K, reserved 1048576K
Event: 3.753 GC heap after
Heap after GC invocations=9 (full 2):
 PSYoungGen      total 75776K, used 0K [0x00000000d6300000, 0x00000000df400000, 0x0000000100000000)
  eden space 45568K, 0% used [0x00000000d6300000,0x00000000d6300000,0x00000000d8f80000)
  from space 30208K, 0% used [0x00000000d8f80000,0x00000000d8f80000,0x00000000dad00000)
  to   space 32768K, 0% used [0x00000000dd400000,0x00000000dd400000,0x00000000df400000)
 ParOldGen       total 208384K, used 77821K [0x0000000082800000, 0x000000008f380000, 0x00000000d6300000)
  object space 208384K, 37% used [0x0000000082800000,0x00000000873ff448,0x000000008f380000)
 Metaspace       used 29163K, capacity 30204K, committed 30336K, reserved 1075200K
  class space    used 3682K, capacity 3892K, committed 3968K, reserved 1048576K
}
Event: 6.309 GC heap before
{Heap before GC invocations=10 (full 3):
 PSYoungGen      total 75776K, used 45568K [0x00000000d6300000, 0x00000000df400000, 0x0000000100000000)
  eden space 45568K, 100% used [0x00000000d6300000,0x00000000d8f80000,0x00000000d8f80000)
  from space 30208K, 0% used [0x00000000d8f80000,0x00000000d8f80000,0x00000000dad00000)
  to   space 32768K, 0% used [0x00000000dd400000,0x00000000dd400000,0x00000000df400000)
 ParOldGen       total 208384K, used 179090K [0x0000000082800000, 0x000000008f380000, 0x00000000d6300000)
  object space 208384K, 85% used [0x0000000082800000,0x000000008d6e4828,0x000000008f380000)
 Metaspace       used 29756K, capacity 30726K, committed 31104K, reserved 1077248K
  class space    used 3692K, capacity 3893K, committed 3968K, reserved 1048576K
Event: 6.434 GC heap after
Heap after GC invocations=10 (full 3):
 PSYoungGen      total 75776K, used 0K [0x00000000d6300000, 0x00000000df400000, 0x0000000100000000)
  eden space 45568K, 0% used [0x00000000d6300000,0x00000000d6300000,0x00000000d8f80000)
  from space 30208K, 0% used [0x00000000d8f80000,0x00000000d8f80000,0x00000000dad00000)
  to   space 32768K, 0% used [0x00000000dd400000,0x00000000dd400000,0x00000000df400000)
 ParOldGen       total 218112K, used 78998K [0x0000000082800000, 0x000000008fd00000, 0x00000000d6300000)
  object space 218112K, 36% used [0x0000000082800000,0x0000000087525990,0x000000008fd00000)
 Metaspace       used 29756K, capacity 30726K, committed 31104K, reserved 1077248K
  class space    used 3692K, capacity 3893K, committed 3968K, reserved 1048576K
}

