# JRE version: Java(TM) SE Runtime Environment (8.0_77-b03) (build 1.8.0_77-b03)
# Java VM: Java HotSpot(TM) 64-Bit Server VM (25.77-b03 mixed mode windows-amd64 compressed oops)
Heap:
 PSYoungGen      total 70656K, used 11374K [0x00000000d6300000, 0x00000000e3500000, 0x0000000100000000)
  eden space 65536K, 17% used [0x00000000d6300000,0x00000000d6e1bb88,0x00000000da300000)
  from space 5120K, 0% used [0x00000000da300000,0x00000000da300000,0x00000000da800000)
  to   space 41984K, 0% used [0x00000000e0c00000,0x00000000e0c00000,0x00000000e3500000)
 ParOldGen       total 196096K, used 95986K [0x0000000082800000, 0x000000008e780000, 0x00000000d6300000)
  object space 196096K, 48% used [0x0000000082800000,0x00000000885bca00,0x000000008e780000)
 Metaspace       used 27422K, capacity 28070K, committed 28288K, reserved 1075200K
  class space    used 3234K, capacity 3413K, committed 3456K, reserved 1048576K
GC Heap History (10 events):
Event: 2.012 GC heap before
{Heap before GC invocations=3 (full 0):
 PSYoungGen      total 37888K, used 32651K [0x00000000d6300000, 0x00000000dad00000, 0x0000000100000000)
  eden space 32768K, 88% used [0x00000000d6300000,0x00000000d7f60348,0x00000000d8300000)
  from space 5120K, 70% used [0x00000000d8800000,0x00000000d8b82b90,0x00000000d8d00000)
  to   space 5120K, 0% used [0x00000000d8300000,0x00000000d8300000,0x00000000d8800000)
 ParOldGen       total 86016K, used 32K [0x0000000082800000, 0x0000000087c00000, 0x00000000d6300000)
  object space 86016K, 0% used [0x0000000082800000,0x0000000082808268,0x0000000087c00000)
 Metaspace       used 16929K, capacity 17170K, committed 17408K, reserved 1064960K
  class space    used 1651K, capacity 1731K, committed 1792K, reserved 1048576K
Event: 2.016 GC heap after
Heap after GC invocations=3 (full 0):
 PSYoungGen      total 37888K, used 5091K [0x00000000d6300000, 0x00000000dad00000, 0x0000000100000000)
  eden space 32768K, 0% used [0x00000000d6300000,0x00000000d6300000,0x00000000d8300000)
  from space 5120K, 99% used [0x00000000d8300000,0x00000000d87f8d68,0x00000000d8800000)
  to   space 5120K, 0% used [0x00000000da800000,0x00000000da800000,0x00000000dad00000)
 ParOldGen       total 86016K, used 1125K [0x0000000082800000, 0x0000000087c00000, 0x00000000d6300000)
  object space 86016K, 1% used [0x0000000082800000,0x0000000082919600,0x0000000087c00000)
 Metaspace       used 16929K, capacity 17170K, committed 17408K, reserved 1064960K
  class space    used 1651K, capacity 1731K, committed 1792K, reserved 1048576K
}
Event: 2.192 GC heap before
{Heap before GC invocations=4 (full 0):
 PSYoungGen      total 37888K, used 37853K [0x00000000d6300000, 0x00000000dad00000, 0x0000000100000000)
  eden space 32768K, 99% used [0x00000000d6300000,0x00000000d82fe7c8,0x00000000d8300000)
  from space 5120K, 99% used [0x00000000d8300000,0x00000000d87f8d68,0x00000000d8800000)
  to   space 5120K, 0% used [0x00000000da800000,0x00000000da800000,0x00000000dad00000)
 ParOldGen       total 86016K, used 34875K [0x0000000082800000, 0x0000000087c00000, 0x00000000d6300000)
  object space 86016K, 40% used [0x0000000082800000,0x0000000084a0ee10,0x0000000087c00000)
 Metaspace       used 17182K, capacity 17458K, committed 17664K, reserved 1064960K
  class space    used 1687K, capacity 1763K, committed 1792K, reserved 1048576K
Event: 2.197 GC heap after
Heap after GC invocations=4 (full 0):
 PSYoungGen      total 70656K, used 5101K [0x00000000d6300000, 0x00000000dad00000, 0x0000000100000000)
  eden space 65536K, 0% used [0x00000000d6300000,0x00000000d6300000,0x00000000da300000)
  from space 5120K, 99% used [0x00000000da800000,0x00000000dacfb6f8,0x00000000dad00000)
  to   space 5120K, 0% used [0x00000000da300000,0x00000000da300000,0x00000000da800000)
 ParOldGen       total 86016K, used 42470K [0x0000000082800000, 0x0000000087c00000, 0x00000000d6300000)
  object space 86016K, 49% used [0x0000000082800000,0x0000000085179958,0x0000000087c00000)
 Metaspace       used 17182K, capacity 17458K, committed 17664K, reserved 1064960K
  class space    used 1687K, capacity 1763K, committed 1792K, reserved 1048576K
}
Event: 2.530 GC heap before
{Heap before GC invocations=5 (full 0):
 PSYoungGen      total 70656K, used 66881K [0x00000000d6300000, 0x00000000dad00000, 0x0000000100000000)
  eden space 65536K, 94% used [0x00000000d6300000,0x00000000d9f54fe0,0x00000000da300000)
  from space 5120K, 99% used [0x00000000da800000,0x00000000dacfb6f8,0x00000000dad00000)
  to   space 5120K, 0% used [0x00000000da300000,0x00000000da300000,0x00000000da800000)
 ParOldGen       total 86016K, used 42470K [0x0000000082800000, 0x0000000087c00000, 0x00000000d6300000)
  object space 86016K, 49% used [0x0000000082800000,0x0000000085179958,0x0000000087c00000)
 Metaspace       used 17551K, capacity 17780K, committed 17920K, reserved 1064960K
  class space    used 1711K, capacity 1764K, committed 1792K, reserved 1048576K
Event: 2.548 GC heap after
Heap after GC invocations=5 (full 0):
 PSYoungGen      total 70656K, used 5091K [0x00000000d6300000, 0x00000000e3500000, 0x0000000100000000)
  eden space 65536K, 0% used [0x00000000d6300000,0x00000000d6300000,0x00000000da300000)
  from space 5120K, 99% used [0x00000000da300000,0x00000000da7f8d50,0x00000000da800000)
  to   space 41984K, 0% used [0x00000000e0c00000,0x00000000e0c00000,0x00000000e3500000)
 ParOldGen       total 90624K, used 88677K [0x0000000082800000, 0x0000000088080000, 0x00000000d6300000)
  object space 90624K, 97% used [0x0000000082800000,0x0000000087e99648,0x0000000088080000)
 Metaspace       used 17551K, capacity 17780K, committed 17920K, reserved 1064960K
  class space    used 1711K, capacity 1764K, committed 1792K, reserved 1048576K
}
Event: 2.548 GC heap before
{Heap before GC invocations=6 (full 1):
 PSYoungGen      total 70656K, used 5091K [0x00000000d6300000, 0x00000000e3500000, 0x0000000100000000)
  eden space 65536K, 0% used [0x00000000d6300000,0x00000000d6300000,0x00000000da300000)
  from space 5120K, 99% used [0x00000000da300000,0x00000000da7f8d50,0x00000000da800000)
  to   space 41984K, 0% used [0x00000000e0c00000,0x00000000e0c00000,0x00000000e3500000)
 ParOldGen       total 90624K, used 88677K [0x0000000082800000, 0x0000000088080000, 0x00000000d6300000)
  object space 90624K, 97% used [0x0000000082800000,0x0000000087e99648,0x0000000088080000)
 Metaspace       used 17551K, capacity 17780K, committed 17920K, reserved 1064960K
  class space    used 1711K, capacity 1764K, committed 1792K, reserved 1048576K
Event: 2.574 GC heap after
Heap after GC invocations=6 (full 1):
 PSYoungGen      total 70656K, used 0K [0x00000000d6300000, 0x00000000e3500000, 0x0000000100000000)
  eden space 65536K, 0% used [0x00000000d6300000,0x00000000d6300000,0x00000000da300000)
  from space 5120K, 0% used [0x00000000da300000,0x00000000da300000,0x00000000da800000)
  to   space 41984K, 0% used [0x00000000e0c00000,0x00000000e0c00000,0x00000000e3500000)
 ParOldGen       total 166400K, used 82192K [0x0000000082800000, 0x000000008ca80000, 0x00000000d6300000)
  object space 166400K, 49% used [0x0000000082800000,0x00000000878443a0,0x000000008ca80000)
 Metaspace       used 17551K, capacity 17780K, committed 17920K, reserved 1064960K
  class space    used 1711K, capacity 1764K, committed 1792K, reserved 1048576K
}
Event: 4.905 GC heap before
{Heap before GC invocations=7 (full 2):
 PSYoungGen      total 70656K, used 64447K [0x00000000d6300000, 0x00000000e3500000, 0x0000000100000000)
  eden space 65536K, 98% used [0x00000000d6300000,0x00000000da1efd30,0x00000000da300000)
  from space 5120K, 0% used [0x00000000da300000,0x00000000da300000,0x00000000da800000)
  to   space 41984K, 0% used [0x00000000e0c00000,0x00000000e0c00000,0x00000000e3500000)
 ParOldGen       total 166400K, used 149692K [0x0000000082800000, 0x000000008ca80000, 0x00000000d6300000)
  object space 166400K, 89% used [0x0000000082800000,0x000000008ba2f3c0,0x000000008ca80000)
 Metaspace       used 27078K, capacity 27694K, committed 27776K, reserved 1073152K
  class space    used 3222K, capacity 3377K, committed 3456K, reserved 1048576K
Event: 4.948 GC heap after
Heap after GC invocations=7 (full 2):
 PSYoungGen      total 70656K, used 0K [0x00000000d6300000, 0x00000000e3500000, 0x0000000100000000)
  eden space 65536K, 0% used [0x00000000d6300000,0x00000000d6300000,0x00000000da300000)
  from space 5120K, 0% used [0x00000000da300000,0x00000000da300000,0x00000000da800000)
  to   space 41984K, 0% used [0x00000000e0c00000,0x00000000e0c00000,0x00000000e3500000)
 ParOldGen       total 196096K, used 95986K [0x0000000082800000, 0x000000008e780000, 0x00000000d6300000)
  object space 196096K, 48% used [0x0000000082800000,0x00000000885bca00,0x000000008e780000)
 Metaspace       used 27078K, capacity 27694K, committed 27776K, reserved 1073152K
  class space    used 3222K, capacity 3377K, committed 3456K, reserved 1048576K
}

