# JRE version: Java(TM) SE Runtime Environment (8.0_77-b03) (build 1.8.0_77-b03)
# Java VM: Java HotSpot(TM) 64-Bit Server VM (25.77-b03 mixed mode windows-amd64 compressed oops)
Heap:
 PSYoungGen      total 71168K, used 19371K [0x00000000d6300000, 0x00000000ded80000, 0x0000000100000000)
  eden space 48128K, 40% used [0x00000000d6300000,0x00000000d75ead98,0x00000000d9200000)
  from space 23040K, 0% used [0x00000000d9200000,0x00000000d9200000,0x00000000da880000)
  to   space 27648K, 0% used [0x00000000dd280000,0x00000000dd280000,0x00000000ded80000)
 ParOldGen       total 216064K, used 79758K [0x0000000082800000, 0x000000008fb00000, 0x00000000d6300000)
  object space 216064K, 36% used [0x0000000082800000,0x00000000875e3870,0x000000008fb00000)
 Metaspace       used 30638K, capacity 31652K, committed 32000K, reserved 1077248K
  class space    used 3767K, capacity 3984K, committed 4096K, reserved 1048576K
GC Heap History (10 events):
Event: 3.479 GC heap before
{Heap before GC invocations=6 (full 1):
 PSYoungGen      total 45056K, used 42330K [0x00000000d6300000, 0x00000000d9580000, 0x0000000100000000)
  eden space 39936K, 100% used [0x00000000d6300000,0x00000000d8a00000,0x00000000d8a00000)
  from space 5120K, 46% used [0x00000000d8f00000,0x00000000d9156b60,0x00000000d9400000)
  to   space 5120K, 0% used [0x00000000d8a00000,0x00000000d8a00000,0x00000000d8f00000)
 ParOldGen       total 80896K, used 15942K [0x0000000082800000, 0x0000000087700000, 0x00000000d6300000)
  object space 80896K, 19% used [0x0000000082800000,0x0000000083791a08,0x0000000087700000)
 Metaspace       used 29092K, capacity 30072K, committed 30336K, reserved 1075200K
  class space    used 3686K, capacity 3890K, committed 3968K, reserved 1048576K
Event: 3.488 GC heap after
Heap after GC invocations=6 (full 1):
 PSYoungGen      total 45056K, used 5117K [0x00000000d6300000, 0x00000000dbb00000, 0x0000000100000000)
  eden space 39936K, 0% used [0x00000000d6300000,0x00000000d6300000,0x00000000d8a00000)
  from space 5120K, 99% used [0x00000000d8a00000,0x00000000d8eff798,0x00000000d8f00000)
  to   space 18944K, 0% used [0x00000000da880000,0x00000000da880000,0x00000000dbb00000)
 ParOldGen       total 80896K, used 25815K [0x0000000082800000, 0x0000000087700000, 0x00000000d6300000)
  object space 80896K, 31% used [0x0000000082800000,0x0000000084135d08,0x0000000087700000)
 Metaspace       used 29092K, capacity 30072K, committed 30336K, reserved 1075200K
  class space    used 3686K, capacity 3890K, committed 3968K, reserved 1048576K
}
Event: 3.743 GC heap before
{Heap before GC invocations=7 (full 1):
 PSYoungGen      total 45056K, used 45053K [0x00000000d6300000, 0x00000000dbb00000, 0x0000000100000000)
  eden space 39936K, 100% used [0x00000000d6300000,0x00000000d8a00000,0x00000000d8a00000)
  from space 5120K, 99% used [0x00000000d8a00000,0x00000000d8eff798,0x00000000d8f00000)
  to   space 18944K, 0% used [0x00000000da880000,0x00000000da880000,0x00000000dbb00000)
 ParOldGen       total 80896K, used 25817K [0x0000000082800000, 0x0000000087700000, 0x00000000d6300000)
  object space 80896K, 31% used [0x0000000082800000,0x00000000841367f8,0x0000000087700000)
 Metaspace       used 29340K, capacity 30402K, committed 30592K, reserved 1075200K
  class space    used 3688K, capacity 3893K, committed 3968K, reserved 1048576K
Event: 3.752 GC heap after
Heap after GC invocations=7 (full 1):
 PSYoungGen      total 67072K, used 18912K [0x00000000d6300000, 0x00000000dc700000, 0x0000000100000000)
  eden space 48128K, 0% used [0x00000000d6300000,0x00000000d6300000,0x00000000d9200000)
  from space 18944K, 99% used [0x00000000da880000,0x00000000dbaf82d0,0x00000000dbb00000)
  to   space 23040K, 0% used [0x00000000d9200000,0x00000000d9200000,0x00000000da880000)
 ParOldGen       total 80896K, used 25825K [0x0000000082800000, 0x0000000087700000, 0x00000000d6300000)
  object space 80896K, 31% used [0x0000000082800000,0x00000000841387f8,0x0000000087700000)
 Metaspace       used 29340K, capacity 30402K, committed 30592K, reserved 1075200K
  class space    used 3688K, capacity 3893K, committed 3968K, reserved 1048576K
}
Event: 3.843 GC heap before
{Heap before GC invocations=8 (full 1):
 PSYoungGen      total 67072K, used 67040K [0x00000000d6300000, 0x00000000dc700000, 0x0000000100000000)
  eden space 48128K, 100% used [0x00000000d6300000,0x00000000d9200000,0x00000000d9200000)
  from space 18944K, 99% used [0x00000000da880000,0x00000000dbaf82d0,0x00000000dbb00000)
  to   space 23040K, 0% used [0x00000000d9200000,0x00000000d9200000,0x00000000da880000)
 ParOldGen       total 80896K, used 25825K [0x0000000082800000, 0x0000000087700000, 0x00000000d6300000)
  object space 80896K, 31% used [0x0000000082800000,0x00000000841387f8,0x0000000087700000)
 Metaspace       used 29420K, capacity 30466K, committed 30592K, reserved 1075200K
  class space    used 3688K, capacity 3893K, committed 3968K, reserved 1048576K
Event: 3.888 GC heap after
Heap after GC invocations=8 (full 1):
 PSYoungGen      total 71168K, used 22908K [0x00000000d6300000, 0x00000000ded80000, 0x0000000100000000)
  eden space 48128K, 0% used [0x00000000d6300000,0x00000000d6300000,0x00000000d9200000)
  from space 23040K, 99% used [0x00000000d9200000,0x00000000da85f050,0x00000000da880000)
  to   space 27648K, 0% used [0x00000000dd280000,0x00000000dd280000,0x00000000ded80000)
 ParOldGen       total 148480K, used 127084K [0x0000000082800000, 0x000000008b900000, 0x00000000d6300000)
  object space 148480K, 85% used [0x0000000082800000,0x000000008a41b028,0x000000008b900000)
 Metaspace       used 29420K, capacity 30466K, committed 30592K, reserved 1075200K
  class space    used 3688K, capacity 3893K, committed 3968K, reserved 1048576K
}
Event: 3.888 GC heap before
{Heap before GC invocations=9 (full 2):
 PSYoungGen      total 71168K, used 22908K [0x00000000d6300000, 0x00000000ded80000, 0x0000000100000000)
  eden space 48128K, 0% used [0x00000000d6300000,0x00000000d6300000,0x00000000d9200000)
  from space 23040K, 99% used [0x00000000d9200000,0x00000000da85f050,0x00000000da880000)
  to   space 27648K, 0% used [0x00000000dd280000,0x00000000dd280000,0x00000000ded80000)
 ParOldGen       total 148480K, used 127084K [0x0000000082800000, 0x000000008b900000, 0x00000000d6300000)
  object space 148480K, 85% used [0x0000000082800000,0x000000008a41b028,0x000000008b900000)
 Metaspace       used 29420K, capacity 30466K, committed 30592K, reserved 1075200K
  class space    used 3688K, capacity 3893K, committed 3968K, reserved 1048576K
Event: 3.935 GC heap after
Heap after GC invocations=9 (full 2):
 PSYoungGen      total 71168K, used 0K [0x00000000d6300000, 0x00000000ded80000, 0x0000000100000000)
  eden space 48128K, 0% used [0x00000000d6300000,0x00000000d6300000,0x00000000d9200000)
  from space 23040K, 0% used [0x00000000d9200000,0x00000000d9200000,0x00000000da880000)
  to   space 27648K, 0% used [0x00000000dd280000,0x00000000dd280000,0x00000000ded80000)
 ParOldGen       total 205824K, used 79052K [0x0000000082800000, 0x000000008f100000, 0x00000000d6300000)
  object space 205824K, 38% used [0x0000000082800000,0x0000000087533148,0x000000008f100000)
 Metaspace       used 29420K, capacity 30466K, committed 30592K, reserved 1075200K
  class space    used 3688K, capacity 3893K, committed 3968K, reserved 1048576K
}
Event: 6.559 GC heap before
{Heap before GC invocations=10 (full 3):
 PSYoungGen      total 71168K, used 48128K [0x00000000d6300000, 0x00000000ded80000, 0x0000000100000000)
  eden space 48128K, 100% used [0x00000000d6300000,0x00000000d9200000,0x00000000d9200000)
  from space 23040K, 0% used [0x00000000d9200000,0x00000000d9200000,0x00000000da880000)
  to   space 27648K, 0% used [0x00000000dd280000,0x00000000dd280000,0x00000000ded80000)
 ParOldGen       total 205824K, used 180302K [0x0000000082800000, 0x000000008f100000, 0x00000000d6300000)
  object space 205824K, 87% used [0x0000000082800000,0x000000008d813978,0x000000008f100000)
 Metaspace       used 30036K, capacity 31110K, committed 31360K, reserved 1077248K
  class space    used 3702K, capacity 3935K, committed 3968K, reserved 1048576K
Event: 6.658 GC heap after
Heap after GC invocations=10 (full 3):
 PSYoungGen      total 71168K, used 0K [0x00000000d6300000, 0x00000000ded80000, 0x0000000100000000)
  eden space 48128K, 0% used [0x00000000d6300000,0x00000000d6300000,0x00000000d9200000)
  from space 23040K, 0% used [0x00000000d9200000,0x00000000d9200000,0x00000000da880000)
  to   space 27648K, 0% used [0x00000000dd280000,0x00000000dd280000,0x00000000ded80000)
 ParOldGen       total 216064K, used 79758K [0x0000000082800000, 0x000000008fb00000, 0x00000000d6300000)
  object space 216064K, 36% used [0x0000000082800000,0x00000000875e3870,0x000000008fb00000)
 Metaspace       used 30036K, capacity 31110K, committed 31360K, reserved 1077248K
  class space    used 3702K, capacity 3935K, committed 3968K, reserved 1048576K
}

